Command line:
"travis"


   ________                                 __
  /        |                               /  |
  ########/ ______    ______    __     __  ##/    _______
     ## |  /      \  /      \  /  \   /  | /  |  /       |
     ## | /######  | ######  | ##  \ /##/  ## | /#######/
     ## | ## |  ##/  /    ## |  ##  /##/   ## | ##      \
     ## | ## |      /####### |   ## ##/    ## |  ######  |
     ## | ## |      ##    ## |    ###/     ## | /     ##/
     ##/  ##/        #######/      #/      ##/  #######/

     TRajectory Analyzer and VISualizer  -  Open-source freeware under GNU GPL v3

     Copyright (c) Martin Brehm      (2009-2017), University of Halle (Saale)
                   Martin Thomas     (2012-2017)
                   Barbara Kirchner  (2009-2017), University of Bonn

     http://www.travis-analyzer.de

     Please cite: M. Brehm, B. Kirchner: J. Chem. Inf. Model. 2011, 51 (8), pp 2007-2023.

     There is absolutely no warranty on any results obtained from TRAVIS.

  #  Running on zoi-skalayci-lin at Wed Sep 27 17:08:55 2017 (PID 29779).
  #  Running in /home/soner/git/soner.io/script
  #  Code version: Aug 12 2017, compiled at Sep 27 2017 16:23:19, compiler "7.2.0", GCC 7.2.0
  #  Target platform: Linux, compile flags: DEBUG_ARRAYS 
  #  Machine: int=4b, long=8b, addr=8b, 0xA0B0C0D0=D0,C0,B0,A0.
  #  User home: /home/soner, executable: /usr/bin/travis
  #  Input from terminal, Output to terminal

 >>> Please use a color scheme with dark background or specify "-nocolor"! <<<

    Loading configuration from /home/soner/.travis.conf ...

    No trajectory file specified.
    Please use the "-p" flag to specify an input trajectory in the command line.

    Enter the file name of the trajectory file to open: [Quit] 

*** SIGINT caught: Hard interrupt by user ***
Stopping execution.
Decoding line numbers... ("addr2line <addr> -f -i -C -e /usr/bin/travis")
 # 13 - [0x55b63a8a3116] - ?? - ??:0 
 # 12 - [0x55b63a8a37c9] - ?? - ??:0 
 # 11 - [0x55b63a8a3894] - ?? - ??:0 
 # 10 - [0x7f7b98266920] - ?? - ??:0 
 #  9 - [0x7f7b9831979f] - ?? - ??:0 
 #  8 - [0x7f7b982ac608] - ?? - ??:0 
 #  7 - [0x7f7b982ad752] - ?? - ??:0 
 #  6 - [0x7f7b982a0773] - ?? - ??:0 
 #  5 - [0x7f7b9829f61d] - ?? - ??:0 
 #  4 - [0x55b63a89ba14] - ?? - ??:0 
 #  3 - [0x55b63a7904c2] - ?? - ??:0 
 #  2 - [0x7f7b98252f6a] - ?? - ??:0 
 #  1 - [0x55b63a7c1caa] - ?? - ??:0 
Delivering control to operating system.
